mode: set
bike-rent-express/src/employee/employeeUsecase/employeeUsecase.go:18.97,20.2 1 1
bike-rent-express/src/employee/employeeUsecase/employeeUsecase.go:22.123,25.16 2 1
bike-rent-express/src/employee/employeeUsecase/employeeUsecase.go:25.16,27.3 1 0
bike-rent-express/src/employee/employeeUsecase/employeeUsecase.go:29.2,32.16 3 1
bike-rent-express/src/employee/employeeUsecase/employeeUsecase.go:32.16,34.3 1 1
bike-rent-express/src/employee/employeeUsecase/employeeUsecase.go:35.2,35.28 1 1
bike-rent-express/src/employee/employeeUsecase/employeeUsecase.go:38.65,41.16 2 1
bike-rent-express/src/employee/employeeUsecase/employeeUsecase.go:41.16,43.3 1 1
bike-rent-express/src/employee/employeeUsecase/employeeUsecase.go:45.2,45.22 1 1
bike-rent-express/src/employee/employeeUsecase/employeeUsecase.go:48.76,51.16 2 1
bike-rent-express/src/employee/employeeUsecase/employeeUsecase.go:51.16,52.74 1 1
bike-rent-express/src/employee/employeeUsecase/employeeUsecase.go:52.74,54.4 1 1
bike-rent-express/src/employee/employeeUsecase/employeeUsecase.go:55.3,55.23 1 1
bike-rent-express/src/employee/employeeUsecase/employeeUsecase.go:58.2,58.22 1 1
bike-rent-express/src/employee/employeeUsecase/employeeUsecase.go:61.120,63.16 2 1
bike-rent-express/src/employee/employeeUsecase/employeeUsecase.go:63.16,64.74 1 1
bike-rent-express/src/employee/employeeUsecase/employeeUsecase.go:64.74,66.4 1 1
bike-rent-express/src/employee/employeeUsecase/employeeUsecase.go:67.3,67.23 1 1
bike-rent-express/src/employee/employeeUsecase/employeeUsecase.go:70.2,70.22 1 1
bike-rent-express/src/employee/employeeUsecase/employeeUsecase.go:73.61,75.16 2 1
bike-rent-express/src/employee/employeeUsecase/employeeUsecase.go:75.16,76.98 1 1
bike-rent-express/src/employee/employeeUsecase/employeeUsecase.go:76.98,78.4 1 1
bike-rent-express/src/employee/employeeUsecase/employeeUsecase.go:79.3,79.17 1 1
bike-rent-express/src/employee/employeeUsecase/employeeUsecase.go:82.2,83.16 2 1
bike-rent-express/src/employee/employeeUsecase/employeeUsecase.go:83.16,85.3 1 1
bike-rent-express/src/employee/employeeUsecase/employeeUsecase.go:87.2,87.26 1 1
bike-rent-express/src/employee/employeeUsecase/employeeUsecase.go:90.107,92.16 2 1
bike-rent-express/src/employee/employeeUsecase/employeeUsecase.go:92.16,93.82 1 1
bike-rent-express/src/employee/employeeUsecase/employeeUsecase.go:93.82,95.4 1 1
bike-rent-express/src/employee/employeeUsecase/employeeUsecase.go:96.3,96.42 1 1
bike-rent-express/src/employee/employeeUsecase/employeeUsecase.go:99.2,100.16 2 1
bike-rent-express/src/employee/employeeUsecase/employeeUsecase.go:100.16,102.3 1 0
bike-rent-express/src/employee/employeeUsecase/employeeUsecase.go:104.2,105.16 2 1
bike-rent-express/src/employee/employeeUsecase/employeeUsecase.go:105.16,107.3 1 0
bike-rent-express/src/employee/employeeUsecase/employeeUsecase.go:109.2,114.27 2 1
bike-rent-express/src/employee/employeeUsecase/employeeUsecase.go:117.116,119.16 2 1
bike-rent-express/src/employee/employeeUsecase/employeeUsecase.go:119.16,120.98 1 1
bike-rent-express/src/employee/employeeUsecase/employeeUsecase.go:120.98,122.4 1 1
bike-rent-express/src/employee/employeeUsecase/employeeUsecase.go:123.3,123.13 1 0
bike-rent-express/src/employee/employeeUsecase/employeeUsecase.go:126.2,127.16 2 1
bike-rent-express/src/employee/employeeUsecase/employeeUsecase.go:127.16,129.3 1 0
bike-rent-express/src/employee/employeeUsecase/employeeUsecase.go:131.2,132.16 2 1
bike-rent-express/src/employee/employeeUsecase/employeeUsecase.go:132.16,134.3 1 0
bike-rent-express/src/employee/employeeUsecase/employeeUsecase.go:136.2,139.12 3 1
